<?xml version="1.0" encoding="UTF-8" ?>
<testsuite tests="0" failures="0" name="com.test.encription.EncriptionTest" time="0" errors="0" skipped="0">
  <properties>
    <property name="java.runtime.name" value="Java(TM) SE Runtime Environment"/>
    <property name="sun.boot.library.path" value="C:\jdk\jdk-8u60-windows-i586\jre\bin"/>
    <property name="java.vm.version" value="25.60-b23"/>
    <property name="user.country.format" value="AR"/>
    <property name="java.vm.vendor" value="Oracle Corporation"/>
    <property name="maven.multiModuleProjectDirectory" value="C:/Users/u584110/workspace/Personal/integracionmailing"/>
    <property name="java.vendor.url" value="http://java.oracle.com/"/>
    <property name="path.separator" value=";"/>
    <property name="guice.disable.misplaced.annotation.check" value="true"/>
    <property name="java.vm.name" value="Java HotSpot(TM) Client VM"/>
    <property name="file.encoding.pkg" value="sun.io"/>
    <property name="user.script" value=""/>
    <property name="user.country" value="US"/>
    <property name="sun.java.launcher" value="SUN_STANDARD"/>
    <property name="sun.os.patch.level" value="Service Pack 1"/>
    <property name="java.vm.specification.name" value="Java Virtual Machine Specification"/>
    <property name="user.dir" value="C:\Users\u584110\workspace\Personal\integracionmailing"/>
    <property name="java.runtime.version" value="1.8.0_60-b27"/>
    <property name="java.awt.graphicsenv" value="sun.awt.Win32GraphicsEnvironment"/>
    <property name="java.endorsed.dirs" value="C:\jdk\jdk-8u60-windows-i586\jre\lib\endorsed"/>
    <property name="os.arch" value="x86"/>
    <property name="java.io.tmpdir" value="C:\Users\u584110\AppData\Local\Temp\"/>
    <property name="line.separator" value="
"/>
    <property name="java.vm.specification.vendor" value="Oracle Corporation"/>
    <property name="user.variant" value=""/>
    <property name="os.name" value="Windows 7"/>
    <property name="classworlds.conf" value="C:/maven/bin/m2.conf"/>
    <property name="sun.jnu.encoding" value="Cp1252"/>
    <property name="java.library.path" value="C:\jdk\jdk-8u60-windows-i586\bin;C:\Windows\Sun\Java\bin;C:\Windows\system32;C:\Windows;C:\Users\u584110\bin;C:\Program Files\Git\mingw32\bin;C:\Program Files\Git\usr\local\bin;C:\Program Files\Git\usr\bin;C:\Program Files\Git\usr\bin;C:\Program Files\Git\mingw32\bin;C:\Program Files\Git\usr\bin;C:\Users\u584110\bin;C:\PROGRA~1\CA\SC\etpki\lib;C:\Program Files\CA\SharedComponents\PEC\bin;C:\ProgramData\Oracle\Java\javapath;D:\oracle\product\11.2.0\client_1\bin;C:\Windows\system32;C:\Windows;C:\Windows\System32\Wbem;C:\Windows\System32\WindowsPowerShell\v1.0;C:\Program Files\ATI Technologies\ATI.ACE\Core-Static;C:\Windows\CCM;C:\Program Files\NetIQ\SecureLogin;C:\Program Files\Dell\DW WLAN Card;C:\Program Files\MySQL\MySQL Fabric 1.5 &amp; MySQL Utilities 1.5;C:\Program Files\MySQL\MySQL Fabric 1.5 &amp; MySQL Utilities 1.5\Doctrine extensions for PHP;C:\Program Files\CA\Cryptography;C:\Program Files\CA\SCM;C:\Download\scala\bin;C:\Program Files\Haskell Platform\8.0.1\lib\extralibs\bin;C:\Program Files\Haskell Platform\8.0.1\bin;C:\Program Files\Haskell Platform\8.0.1\mingw\bin;C:\Program Files\Haskell\bin;C:\Users\u584110\AppData\Roaming\cabal\bin;C:\Users\u584110\AppData\Roaming\local\bin;C:\Users\u584110\AppData\Local\Programs\Python\Python35-32\Scripts;C:\Users\u584110\AppData\Local\Programs\Python\Python35-32;D:\oracle\product\11.2.0\client_1\bin;C:\Windows\system32;C:\Windows;C:\Windows\System32\Wbem;C:\Windows\System32\WindowsPowerShell\v1.0;C:\Program Files\ATI Technologies\ATI.ACE\Core-Static;C:\Windows\CCM;C:\Program Files\NetIQ\SecureLogin;C:\Program Files\Dell\DW WLAN Card;C:\jdk\jdk-8u60-windows-i586\bin;C:\maven\bin;C:\apache\apache-tomcat-7.0.69\bin;C:\Download\gradle-3.3\bin;C:\apache\grails-3.2.4\bin;C:\apache\groovy-2.4.7\bin;C:\Program Files\Git\usr\bin\vendor_perl;C:\Program Files\Git\usr\bin\core_perl;."/>
    <property name="java.specification.name" value="Java Platform API Specification"/>
    <property name="java.class.version" value="52.0"/>
    <property name="sun.management.compiler" value="HotSpot Client Compiler"/>
    <property name="os.version" value="6.1"/>
    <property name="user.home" value="C:\Users\u584110"/>
    <property name="user.timezone" value="America/Cayenne"/>
    <property name="java.awt.printerjob" value="sun.awt.windows.WPrinterJob"/>
    <property name="java.specification.version" value="1.8"/>
    <property name="file.encoding" value="Cp1252"/>
    <property name="user.name" value="u584110"/>
    <property name="java.class.path" value="C:/maven/boot/plexus-classworlds-2.5.2.jar"/>
    <property name="java.vm.specification.version" value="1.8"/>
    <property name="sun.arch.data.model" value="32"/>
    <property name="java.home" value="C:\jdk\jdk-8u60-windows-i586\jre"/>
    <property name="sun.java.command" value="org.codehaus.plexus.classworlds.launcher.Launcher clean install"/>
    <property name="java.specification.vendor" value="Oracle Corporation"/>
    <property name="user.language" value="en"/>
    <property name="user.language.format" value="es"/>
    <property name="awt.toolkit" value="sun.awt.windows.WToolkit"/>
    <property name="java.vm.info" value="mixed mode"/>
    <property name="java.version" value="1.8.0_60"/>
    <property name="java.ext.dirs" value="C:\jdk\jdk-8u60-windows-i586\jre\lib\ext;C:\Windows\Sun\Java\lib\ext"/>
    <property name="sun.boot.class.path" value="C:\jdk\jdk-8u60-windows-i586\jre\lib\resources.jar;C:\jdk\jdk-8u60-windows-i586\jre\lib\rt.jar;C:\jdk\jdk-8u60-windows-i586\jre\lib\sunrsasign.jar;C:\jdk\jdk-8u60-windows-i586\jre\lib\jsse.jar;C:\jdk\jdk-8u60-windows-i586\jre\lib\jce.jar;C:\jdk\jdk-8u60-windows-i586\jre\lib\charsets.jar;C:\jdk\jdk-8u60-windows-i586\jre\lib\jfr.jar;C:\jdk\jdk-8u60-windows-i586\jre\classes"/>
    <property name="java.vendor" value="Oracle Corporation"/>
    <property name="maven.home" value="C:\maven"/>
    <property name="file.separator" value="\"/>
    <property name="java.vendor.url.bug" value="http://bugreport.sun.com/bugreport/"/>
    <property name="sun.cpu.endian" value="little"/>
    <property name="sun.io.unicode.encoding" value="UnicodeLittle"/>
    <property name="sun.desktop" value="windows"/>
    <property name="sun.cpu.isalist" value=""/>
  </properties>
</testsuite>